2021-06-02T10:56:01+00:00 INFO Generating payment form for order 64. Notify URL: http://localhost/wordpress1/wc-api/WC_Gateway_Paypal/
2021-06-02T10:56:01+00:00 INFO PayPal Request Args for order 64: Array
(
    [cmd] => _cart
    [business] => jeffreyugalde02@gmail.com
    [no_note] => 1
    [currency_code] => PHP
    [charset] => utf-8
    [rm] => 1
    [upload] => 1
    [return] => http://localhost/wordpress1/checkout/order-received/64/?key=wc_order_ObMNyoaihAKdg&utm_nooverride=1
    [cancel_return] => http://localhost/wordpress1/cart/?cancel_order=true&order=wc_order_ObMNyoaihAKdg&order_id=64&redirect&_wpnonce=5c9b7a1097
    [image_url] => 
    [paymentaction] => sale
    [invoice] => WC-64
    [custom] => {"order_id":64,"order_key":"wc_order_ObMNyoaihAKdg"}
    [notify_url] => http://localhost/wordpress1/wc-api/WC_Gateway_Paypal/
    [first_name] => ***
    [last_name] => ***
    [address1] => ***
    [address2] => ***
    [city] => ***
    [state] => ***
    [zip] => ***
    [country] => ***
    [email] => ***@***
    [night_phone_a] => ***
    [night_phone_b] => ***
    [no_shipping] => 1
    [tax_cart] => 0.00
    [item_name_1] => Wetlook P(1/2)
    [quantity_1] => 2
    [amount_1] => 130
    [item_number_1] => 
    [item_name_2] => Super White Premium(1kilo)
    [quantity_2] => 3
    [amount_2] => 250
    [item_number_2] => 
    [item_name_3] => Super White P(1/2)
    [quantity_3] => 1
    [amount_3] => 160
    [item_number_3] => 
    [bn] => WooThemes_Cart
)

2021-06-02T11:51:41+00:00 INFO Generating payment form for order 69. Notify URL: http://localhost/wordpress1/wc-api/WC_Gateway_Paypal/
2021-06-02T11:51:41+00:00 INFO PayPal Request Args for order 69: Array
(
    [cmd] => _cart
    [business] => jeffreyugalde02@gmail.com
    [no_note] => 1
    [currency_code] => PHP
    [charset] => utf-8
    [rm] => 1
    [upload] => 1
    [return] => http://localhost/wordpress1/checkout/order-received/69/?key=wc_order_Pexn9aOc7VGi5&utm_nooverride=1
    [cancel_return] => http://localhost/wordpress1/checkout/cart/?cancel_order=true&order=wc_order_Pexn9aOc7VGi5&order_id=69&redirect&_wpnonce=5c9b7a1097
    [image_url] => 
    [paymentaction] => sale
    [invoice] => WC-69
    [custom] => {"order_id":69,"order_key":"wc_order_Pexn9aOc7VGi5"}
    [notify_url] => http://localhost/wordpress1/wc-api/WC_Gateway_Paypal/
    [first_name] => ***
    [last_name] => ***
    [address1] => ***
    [address2] => ***
    [city] => ***
    [state] => ***
    [zip] => ***
    [country] => ***
    [email] => ***@***
    [night_phone_a] => ***
    [night_phone_b] => ***
    [no_shipping] => 1
    [tax_cart] => 0.00
    [item_name_1] => Wetlook P(1/2)
    [quantity_1] => 1
    [amount_1] => 130
    [item_number_1] => 
    [bn] => WooThemes_Cart
)

